{"C:\\Users\\ayuraj\\Desktop\\React\\Learning_React\\hu-sp-4085d648f-commu-4085d7048-ayuraj_deloitte-1732107023873\\src\\components\\Auth\\Signup\\Signup.tsx": {"path":"C:\\Users\\ayuraj\\Desktop\\React\\Learning_React\\hu-sp-4085d648f-commu-4085d7048-ayuraj_deloitte-1732107023873\\src\\components\\Auth\\Signup\\Signup.tsx","statementMap":{"0":{"start":{"line":9,"column":25},"end":{"line":202,"column":1}},"1":{"start":{"line":10,"column":19},"end":{"line":10,"column":32}},"2":{"start":{"line":11,"column":34},"end":{"line":19,"column":4}},"3":{"start":{"line":21,"column":30},"end":{"line":28,"column":4}},"4":{"start":{"line":30,"column":23},"end":{"line":57,"column":3}},"5":{"start":{"line":31,"column":28},"end":{"line":31,"column":36}},"6":{"start":{"line":32,"column":4},"end":{"line":32,"column":48}},"7":{"start":{"line":35,"column":4},"end":{"line":56,"column":5}},"8":{"start":{"line":37,"column":8},"end":{"line":37,"column":92}},"9":{"start":{"line":38,"column":8},"end":{"line":38,"column":14}},"10":{"start":{"line":40,"column":8},"end":{"line":40,"column":146}},"11":{"start":{"line":41,"column":8},"end":{"line":41,"column":14}},"12":{"start":{"line":43,"column":8},"end":{"line":43,"column":83}},"13":{"start":{"line":44,"column":8},"end":{"line":44,"column":14}},"14":{"start":{"line":46,"column":8},"end":{"line":46,"column":81}},"15":{"start":{"line":47,"column":8},"end":{"line":47,"column":14}},"16":{"start":{"line":49,"column":8},"end":{"line":49,"column":114}},"17":{"start":{"line":50,"column":8},"end":{"line":50,"column":14}},"18":{"start":{"line":52,"column":8},"end":{"line":52,"column":78}},"19":{"start":{"line":53,"column":8},"end":{"line":53,"column":14}},"20":{"start":{"line":55,"column":8},"end":{"line":55,"column":14}},"21":{"start":{"line":59,"column":22},"end":{"line":75,"column":3}},"22":{"start":{"line":60,"column":4},"end":{"line":74,"column":6}},"23":{"start":{"line":77,"column":23},"end":{"line":104,"column":3}},"24":{"start":{"line":78,"column":4},"end":{"line":78,"column":23}},"25":{"start":{"line":79,"column":4},"end":{"line":82,"column":5}},"26":{"start":{"line":80,"column":6},"end":{"line":80,"column":54}},"27":{"start":{"line":81,"column":6},"end":{"line":81,"column":13}},"28":{"start":{"line":84,"column":4},"end":{"line":103,"column":5}},"29":{"start":{"line":85,"column":23},"end":{"line":91,"column":8}},"30":{"start":{"line":93,"column":6},"end":{"line":100,"column":7}},"31":{"start":{"line":94,"column":8},"end":{"line":94,"column":27}},"32":{"start":{"line":95,"column":8},"end":{"line":95,"column":44}},"33":{"start":{"line":96,"column":8},"end":{"line":96,"column":14}},"34":{"start":{"line":99,"column":8},"end":{"line":99,"column":56}},"35":{"start":{"line":102,"column":6},"end":{"line":102,"column":58}},"36":{"start":{"line":106,"column":2},"end":{"line":201,"column":4}}},"fnMap":{"0":{"name":"(anonymous_0)","decl":{"start":{"line":9,"column":25},"end":{"line":9,"column":26}},"loc":{"start":{"line":9,"column":31},"end":{"line":202,"column":1}},"line":9},"1":{"name":"(anonymous_1)","decl":{"start":{"line":30,"column":23},"end":{"line":30,"column":24}},"loc":{"start":{"line":30,"column":67},"end":{"line":57,"column":3}},"line":30},"2":{"name":"(anonymous_2)","decl":{"start":{"line":59,"column":22},"end":{"line":59,"column":23}},"loc":{"start":{"line":59,"column":28},"end":{"line":75,"column":3}},"line":59},"3":{"name":"(anonymous_3)","decl":{"start":{"line":77,"column":23},"end":{"line":77,"column":24}},"loc":{"start":{"line":77,"column":53},"end":{"line":104,"column":3}},"line":77}},"branchMap":{"0":{"loc":{"start":{"line":35,"column":4},"end":{"line":56,"column":5}},"type":"switch","locations":[{"start":{"line":36,"column":6},"end":{"line":38,"column":14}},{"start":{"line":39,"column":6},"end":{"line":41,"column":14}},{"start":{"line":42,"column":6},"end":{"line":44,"column":14}},{"start":{"line":45,"column":6},"end":{"line":47,"column":14}},{"start":{"line":48,"column":6},"end":{"line":50,"column":14}},{"start":{"line":51,"column":6},"end":{"line":53,"column":14}},{"start":{"line":54,"column":6},"end":{"line":55,"column":14}}],"line":35},"1":{"loc":{"start":{"line":37,"column":38},"end":{"line":37,"column":88}},"type":"cond-expr","locations":[{"start":{"line":37,"column":61},"end":{"line":37,"column":63}},{"start":{"line":37,"column":66},"end":{"line":37,"column":88}}],"line":37},"2":{"loc":{"start":{"line":40,"column":41},"end":{"line":40,"column":142}},"type":"cond-expr","locations":[{"start":{"line":40,"column":67},"end":{"line":40,"column":69}},{"start":{"line":40,"column":72},"end":{"line":40,"column":142}}],"line":40},"3":{"loc":{"start":{"line":43,"column":42},"end":{"line":43,"column":79}},"type":"cond-expr","locations":[{"start":{"line":43,"column":50},"end":{"line":43,"column":52}},{"start":{"line":43,"column":55},"end":{"line":43,"column":79}}],"line":43},"4":{"loc":{"start":{"line":46,"column":41},"end":{"line":46,"column":77}},"type":"cond-expr","locations":[{"start":{"line":46,"column":49},"end":{"line":46,"column":51}},{"start":{"line":46,"column":54},"end":{"line":46,"column":77}}],"line":46},"5":{"loc":{"start":{"line":49,"column":44},"end":{"line":49,"column":110}},"type":"cond-expr","locations":[{"start":{"line":49,"column":73},"end":{"line":49,"column":75}},{"start":{"line":49,"column":78},"end":{"line":49,"column":110}}],"line":49},"6":{"loc":{"start":{"line":52,"column":40},"end":{"line":52,"column":74}},"type":"cond-expr","locations":[{"start":{"line":52,"column":48},"end":{"line":52,"column":50}},{"start":{"line":52,"column":53},"end":{"line":52,"column":74}}],"line":52},"7":{"loc":{"start":{"line":61,"column":6},"end":{"line":73,"column":21}},"type":"binary-expr","locations":[{"start":{"line":61,"column":6},"end":{"line":61,"column":23}},{"start":{"line":62,"column":6},"end":{"line":62,"column":20}},{"start":{"line":63,"column":6},"end":{"line":63,"column":23}},{"start":{"line":64,"column":6},"end":{"line":64,"column":24}},{"start":{"line":65,"column":6},"end":{"line":65,"column":23}},{"start":{"line":66,"column":6},"end":{"line":66,"column":26}},{"start":{"line":67,"column":6},"end":{"line":67,"column":22}},{"start":{"line":68,"column":6},"end":{"line":68,"column":19}},{"start":{"line":69,"column":6},"end":{"line":69,"column":22}},{"start":{"line":70,"column":6},"end":{"line":70,"column":23}},{"start":{"line":71,"column":6},"end":{"line":71,"column":22}},{"start":{"line":72,"column":6},"end":{"line":72,"column":25}},{"start":{"line":73,"column":6},"end":{"line":73,"column":21}}],"line":61},"8":{"loc":{"start":{"line":79,"column":4},"end":{"line":82,"column":5}},"type":"if","locations":[{"start":{"line":79,"column":4},"end":{"line":82,"column":5}},{"start":{},"end":{}}],"line":79},"9":{"loc":{"start":{"line":93,"column":6},"end":{"line":100,"column":7}},"type":"if","locations":[{"start":{"line":93,"column":6},"end":{"line":100,"column":7}},{"start":{"line":98,"column":13},"end":{"line":100,"column":7}}],"line":93},"10":{"loc":{"start":{"line":134,"column":11},"end":{"line":134,"column":87}},"type":"binary-expr","locations":[{"start":{"line":134,"column":11},"end":{"line":134,"column":23}},{"start":{"line":134,"column":27},"end":{"line":134,"column":87}}],"line":134},"11":{"loc":{"start":{"line":146,"column":11},"end":{"line":146,"column":93}},"type":"binary-expr","locations":[{"start":{"line":146,"column":11},"end":{"line":146,"column":26}},{"start":{"line":146,"column":30},"end":{"line":146,"column":93}}],"line":146},"12":{"loc":{"start":{"line":158,"column":11},"end":{"line":158,"column":95}},"type":"binary-expr","locations":[{"start":{"line":158,"column":11},"end":{"line":158,"column":27}},{"start":{"line":158,"column":31},"end":{"line":158,"column":95}}],"line":158},"13":{"loc":{"start":{"line":168,"column":11},"end":{"line":168,"column":93}},"type":"binary-expr","locations":[{"start":{"line":168,"column":11},"end":{"line":168,"column":26}},{"start":{"line":168,"column":30},"end":{"line":168,"column":93}}],"line":168},"14":{"loc":{"start":{"line":180,"column":11},"end":{"line":180,"column":99}},"type":"binary-expr","locations":[{"start":{"line":180,"column":11},"end":{"line":180,"column":29}},{"start":{"line":180,"column":33},"end":{"line":180,"column":99}}],"line":180},"15":{"loc":{"start":{"line":190,"column":11},"end":{"line":190,"column":91}},"type":"binary-expr","locations":[{"start":{"line":190,"column":11},"end":{"line":190,"column":25}},{"start":{"line":190,"column":29},"end":{"line":190,"column":91}}],"line":190}},"s":{"0":0,"1":0,"2":0,"3":0,"4":0,"5":0,"6":0,"7":0,"8":0,"9":0,"10":0,"11":0,"12":0,"13":0,"14":0,"15":0,"16":0,"17":0,"18":0,"19":0,"20":0,"21":0,"22":0,"23":0,"24":0,"25":0,"26":0,"27":0,"28":0,"29":0,"30":0,"31":0,"32":0,"33":0,"34":0,"35":0,"36":0},"f":{"0":0,"1":0,"2":0,"3":0},"b":{"0":[0,0,0,0,0,0,0],"1":[0,0],"2":[0,0],"3":[0,0],"4":[0,0],"5":[0,0],"6":[0,0],"7":[0,0,0,0,0,0,0,0,0,0,0,0,0],"8":[0,0],"9":[0,0],"10":[0,0],"11":[0,0],"12":[0,0],"13":[0,0],"14":[0,0],"15":[0,0]}}
,"C:\\Users\\ayuraj\\Desktop\\React\\Learning_React\\hu-sp-4085d648f-commu-4085d7048-ayuraj_deloitte-1732107023873\\src\\components\\EventCard\\EventCard.tsx": {"path":"C:\\Users\\ayuraj\\Desktop\\React\\Learning_React\\hu-sp-4085d648f-commu-4085d7048-ayuraj_deloitte-1732107023873\\src\\components\\EventCard\\EventCard.tsx","statementMap":{"0":{"start":{"line":11,"column":44},"end":{"line":45,"column":1}},"1":{"start":{"line":12,"column":2},"end":{"line":44,"column":4}},"2":{"start":{"line":27,"column":27},"end":{"line":27,"column":45}}},"fnMap":{"0":{"name":"(anonymous_0)","decl":{"start":{"line":11,"column":44},"end":{"line":11,"column":45}},"loc":{"start":{"line":11,"column":68},"end":{"line":45,"column":1}},"line":11},"1":{"name":"(anonymous_1)","decl":{"start":{"line":27,"column":21},"end":{"line":27,"column":22}},"loc":{"start":{"line":27,"column":27},"end":{"line":27,"column":45}},"line":27}},"branchMap":{"0":{"loc":{"start":{"line":32,"column":11},"end":{"line":40,"column":11}},"type":"cond-expr","locations":[{"start":{"line":33,"column":12},"end":{"line":35,"column":18}},{"start":{"line":37,"column":12},"end":{"line":39,"column":18}}],"line":32}},"s":{"0":0,"1":0,"2":0},"f":{"0":0,"1":0},"b":{"0":[0,0]}}
,"C:\\Users\\ayuraj\\Desktop\\React\\Learning_React\\hu-sp-4085d648f-commu-4085d7048-ayuraj_deloitte-1732107023873\\src\\components\\Navbar\\Navabar.tsx": {"path":"C:\\Users\\ayuraj\\Desktop\\React\\Learning_React\\hu-sp-4085d648f-commu-4085d7048-ayuraj_deloitte-1732107023873\\src\\components\\Navbar\\Navabar.tsx","statementMap":{"0":{"start":{"line":4,"column":25},"end":{"line":41,"column":1}},"1":{"start":{"line":5,"column":19},"end":{"line":5,"column":32}},"2":{"start":{"line":6,"column":19},"end":{"line":6,"column":32}},"3":{"start":{"line":8,"column":23},"end":{"line":15,"column":3}},"4":{"start":{"line":10,"column":4},"end":{"line":10,"column":37}},"5":{"start":{"line":14,"column":4},"end":{"line":14,"column":23}},"6":{"start":{"line":17,"column":21},"end":{"line":17,"column":86}},"7":{"start":{"line":19,"column":2},"end":{"line":40,"column":4}}},"fnMap":{"0":{"name":"(anonymous_0)","decl":{"start":{"line":4,"column":25},"end":{"line":4,"column":26}},"loc":{"start":{"line":4,"column":31},"end":{"line":41,"column":1}},"line":4},"1":{"name":"(anonymous_1)","decl":{"start":{"line":8,"column":23},"end":{"line":8,"column":24}},"loc":{"start":{"line":8,"column":29},"end":{"line":15,"column":3}},"line":8}},"branchMap":{"0":{"loc":{"start":{"line":17,"column":21},"end":{"line":17,"column":86}},"type":"binary-expr","locations":[{"start":{"line":17,"column":21},"end":{"line":17,"column":51}},{"start":{"line":17,"column":55},"end":{"line":17,"column":86}}],"line":17},"1":{"loc":{"start":{"line":26,"column":11},"end":{"line":36,"column":11}},"type":"binary-expr","locations":[{"start":{"line":26,"column":11},"end":{"line":26,"column":22}},{"start":{"line":27,"column":12},"end":{"line":35,"column":15}}],"line":26}},"s":{"0":0,"1":0,"2":0,"3":0,"4":0,"5":0,"6":0,"7":0},"f":{"0":0,"1":0},"b":{"0":[0,0],"1":[0,0]}}
,"C:\\Users\\ayuraj\\Desktop\\React\\Learning_React\\hu-sp-4085d648f-commu-4085d7048-ayuraj_deloitte-1732107023873\\src\\pages\\SignupPage.tsx": {"path":"C:\\Users\\ayuraj\\Desktop\\React\\Learning_React\\hu-sp-4085d648f-commu-4085d7048-ayuraj_deloitte-1732107023873\\src\\pages\\SignupPage.tsx","statementMap":{"0":{"start":{"line":9,"column":0},"end":{"line":136,"column":3}},"1":{"start":{"line":10,"column":2},"end":{"line":24,"column":5}},"2":{"start":{"line":11,"column":4},"end":{"line":15,"column":6}},"3":{"start":{"line":17,"column":4},"end":{"line":17,"column":72}},"4":{"start":{"line":18,"column":4},"end":{"line":18,"column":69}},"5":{"start":{"line":19,"column":4},"end":{"line":19,"column":72}},"6":{"start":{"line":20,"column":4},"end":{"line":20,"column":74}},"7":{"start":{"line":21,"column":4},"end":{"line":21,"column":73}},"8":{"start":{"line":22,"column":4},"end":{"line":22,"column":76}},"9":{"start":{"line":23,"column":4},"end":{"line":23,"column":71}},"10":{"start":{"line":26,"column":2},"end":{"line":38,"column":5}},"11":{"start":{"line":27,"column":4},"end":{"line":31,"column":6}},"12":{"start":{"line":33,"column":23},"end":{"line":33,"column":59}},"13":{"start":{"line":34,"column":4},"end":{"line":34,"column":73}},"14":{"start":{"line":35,"column":4},"end":{"line":35,"column":31}},"15":{"start":{"line":37,"column":4},"end":{"line":37,"column":73}},"16":{"start":{"line":40,"column":2},"end":{"line":52,"column":5}},"17":{"start":{"line":41,"column":4},"end":{"line":45,"column":6}},"18":{"start":{"line":47,"column":26},"end":{"line":47,"column":65}},"19":{"start":{"line":48,"column":4},"end":{"line":48,"column":68}},"20":{"start":{"line":49,"column":4},"end":{"line":49,"column":34}},"21":{"start":{"line":51,"column":4},"end":{"line":51,"column":121}},"22":{"start":{"line":54,"column":2},"end":{"line":66,"column":5}},"23":{"start":{"line":55,"column":4},"end":{"line":59,"column":6}},"24":{"start":{"line":61,"column":27},"end":{"line":61,"column":68}},"25":{"start":{"line":62,"column":4},"end":{"line":62,"column":64}},"26":{"start":{"line":63,"column":4},"end":{"line":63,"column":35}},"27":{"start":{"line":65,"column":4},"end":{"line":65,"column":75}},"28":{"start":{"line":68,"column":2},"end":{"line":80,"column":5}},"29":{"start":{"line":69,"column":4},"end":{"line":73,"column":6}},"30":{"start":{"line":75,"column":26},"end":{"line":75,"column":66}},"31":{"start":{"line":76,"column":4},"end":{"line":76,"column":63}},"32":{"start":{"line":77,"column":4},"end":{"line":77,"column":34}},"33":{"start":{"line":79,"column":4},"end":{"line":79,"column":74}},"34":{"start":{"line":82,"column":2},"end":{"line":94,"column":5}},"35":{"start":{"line":83,"column":4},"end":{"line":87,"column":6}},"36":{"start":{"line":89,"column":29},"end":{"line":89,"column":72}},"37":{"start":{"line":90,"column":4},"end":{"line":90,"column":69}},"38":{"start":{"line":91,"column":4},"end":{"line":91,"column":37}},"39":{"start":{"line":93,"column":4},"end":{"line":93,"column":83}},"40":{"start":{"line":96,"column":2},"end":{"line":108,"column":5}},"41":{"start":{"line":97,"column":4},"end":{"line":101,"column":6}},"42":{"start":{"line":103,"column":25},"end":{"line":103,"column":63}},"43":{"start":{"line":104,"column":4},"end":{"line":104,"column":62}},"44":{"start":{"line":105,"column":4},"end":{"line":105,"column":33}},"45":{"start":{"line":107,"column":4},"end":{"line":107,"column":72}},"46":{"start":{"line":110,"column":2},"end":{"line":135,"column":5}},"47":{"start":{"line":111,"column":4},"end":{"line":115,"column":6}},"48":{"start":{"line":117,"column":26},"end":{"line":117,"column":65}},"49":{"start":{"line":118,"column":23},"end":{"line":118,"column":59}},"50":{"start":{"line":119,"column":26},"end":{"line":119,"column":65}},"51":{"start":{"line":120,"column":27},"end":{"line":120,"column":68}},"52":{"start":{"line":121,"column":26},"end":{"line":121,"column":66}},"53":{"start":{"line":122,"column":29},"end":{"line":122,"column":72}},"54":{"start":{"line":123,"column":25},"end":{"line":123,"column":63}},"55":{"start":{"line":124,"column":25},"end":{"line":124,"column":73}},"56":{"start":{"line":126,"column":4},"end":{"line":126,"column":71}},"57":{"start":{"line":127,"column":4},"end":{"line":127,"column":76}},"58":{"start":{"line":128,"column":4},"end":{"line":128,"column":74}},"59":{"start":{"line":129,"column":4},"end":{"line":129,"column":68}},"60":{"start":{"line":130,"column":4},"end":{"line":130,"column":66}},"61":{"start":{"line":131,"column":4},"end":{"line":131,"column":76}},"62":{"start":{"line":132,"column":4},"end":{"line":132,"column":73}},"63":{"start":{"line":134,"column":4},"end":{"line":134,"column":44}}},"fnMap":{"0":{"name":"(anonymous_0)","decl":{"start":{"line":9,"column":29},"end":{"line":9,"column":30}},"loc":{"start":{"line":9,"column":35},"end":{"line":136,"column":1}},"line":9},"1":{"name":"(anonymous_1)","decl":{"start":{"line":10,"column":30},"end":{"line":10,"column":31}},"loc":{"start":{"line":10,"column":36},"end":{"line":24,"column":3}},"line":10},"2":{"name":"(anonymous_2)","decl":{"start":{"line":26,"column":32},"end":{"line":26,"column":33}},"loc":{"start":{"line":26,"column":38},"end":{"line":38,"column":3}},"line":26},"3":{"name":"(anonymous_3)","decl":{"start":{"line":40,"column":35},"end":{"line":40,"column":36}},"loc":{"start":{"line":40,"column":41},"end":{"line":52,"column":3}},"line":40},"4":{"name":"(anonymous_4)","decl":{"start":{"line":54,"column":37},"end":{"line":54,"column":38}},"loc":{"start":{"line":54,"column":43},"end":{"line":66,"column":3}},"line":54},"5":{"name":"(anonymous_5)","decl":{"start":{"line":68,"column":36},"end":{"line":68,"column":37}},"loc":{"start":{"line":68,"column":42},"end":{"line":80,"column":3}},"line":68},"6":{"name":"(anonymous_6)","decl":{"start":{"line":82,"column":39},"end":{"line":82,"column":40}},"loc":{"start":{"line":82,"column":45},"end":{"line":94,"column":3}},"line":82},"7":{"name":"(anonymous_7)","decl":{"start":{"line":96,"column":34},"end":{"line":96,"column":35}},"loc":{"start":{"line":96,"column":40},"end":{"line":108,"column":3}},"line":96},"8":{"name":"(anonymous_8)","decl":{"start":{"line":110,"column":51},"end":{"line":110,"column":52}},"loc":{"start":{"line":110,"column":57},"end":{"line":135,"column":3}},"line":110}},"branchMap":{},"s":{"0":0,"1":0,"2":0,"3":0,"4":0,"5":0,"6":0,"7":0,"8":0,"9":0,"10":0,"11":0,"12":0,"13":0,"14":0,"15":0,"16":0,"17":0,"18":0,"19":0,"20":0,"21":0,"22":0,"23":0,"24":0,"25":0,"26":0,"27":0,"28":0,"29":0,"30":0,"31":0,"32":0,"33":0,"34":0,"35":0,"36":0,"37":0,"38":0,"39":0,"40":0,"41":0,"42":0,"43":0,"44":0,"45":0,"46":0,"47":0,"48":0,"49":0,"50":0,"51":0,"52":0,"53":0,"54":0,"55":0,"56":0,"57":0,"58":0,"59":0,"60":0,"61":0,"62":0,"63":0},"f":{"0":0,"1":0,"2":0,"3":0,"4":0,"5":0,"6":0,"7":0,"8":0},"b":{}}
,"C:\\Users\\ayuraj\\Desktop\\React\\Learning_React\\hu-sp-4085d648f-commu-4085d7048-ayuraj_deloitte-1732107023873\\src\\redux\\eventSlice.ts": {"path":"C:\\Users\\ayuraj\\Desktop\\React\\Learning_React\\hu-sp-4085d648f-commu-4085d7048-ayuraj_deloitte-1732107023873\\src\\redux\\eventSlice.ts","statementMap":{"0":{"start":{"line":6,"column":16},"end":{"line":6,"column":46}},"1":{"start":{"line":47,"column":27},"end":{"line":50,"column":2}},"2":{"start":{"line":48,"column":19},"end":{"line":48,"column":43}},"3":{"start":{"line":49,"column":2},"end":{"line":49,"column":23}},"4":{"start":{"line":53,"column":24},"end":{"line":57,"column":2}},"5":{"start":{"line":54,"column":19},"end":{"line":54,"column":54}},"6":{"start":{"line":55,"column":2},"end":{"line":55,"column":26}},"7":{"start":{"line":56,"column":2},"end":{"line":56,"column":23}},"8":{"start":{"line":60,"column":39},"end":{"line":66,"column":1}},"9":{"start":{"line":63,"column":21},"end":{"line":63,"column":81}},"10":{"start":{"line":64,"column":4},"end":{"line":64,"column":25}},"11":{"start":{"line":68,"column":33},"end":{"line":72,"column":1}},"12":{"start":{"line":74,"column":19},"end":{"line":101,"column":2}},"13":{"start":{"line":79,"column":4},"end":{"line":99,"column":9}},"14":{"start":{"line":81,"column":8},"end":{"line":81,"column":33}},"15":{"start":{"line":84,"column":8},"end":{"line":84,"column":35}},"16":{"start":{"line":85,"column":8},"end":{"line":85,"column":38}},"17":{"start":{"line":88,"column":8},"end":{"line":88,"column":32}},"18":{"start":{"line":89,"column":8},"end":{"line":89,"column":51}},"19":{"start":{"line":92,"column":8},"end":{"line":92,"column":42}},"20":{"start":{"line":95,"column":22},"end":{"line":95,"column":87}},"21":{"start":{"line":95,"column":56},"end":{"line":95,"column":86}},"22":{"start":{"line":96,"column":8},"end":{"line":98,"column":9}},"23":{"start":{"line":97,"column":10},"end":{"line":97,"column":47}}},"fnMap":{"0":{"name":"(anonymous_0)","decl":{"start":{"line":47,"column":75},"end":{"line":47,"column":76}},"loc":{"start":{"line":47,"column":87},"end":{"line":50,"column":1}},"line":47},"1":{"name":"(anonymous_1)","decl":{"start":{"line":53,"column":74},"end":{"line":53,"column":75}},"loc":{"start":{"line":53,"column":108},"end":{"line":57,"column":1}},"line":53},"2":{"name":"(anonymous_2)","decl":{"start":{"line":62,"column":2},"end":{"line":62,"column":3}},"loc":{"start":{"line":62,"column":39},"end":{"line":65,"column":3}},"line":62},"3":{"name":"(anonymous_3)","decl":{"start":{"line":78,"column":17},"end":{"line":78,"column":18}},"loc":{"start":{"line":78,"column":30},"end":{"line":100,"column":3}},"line":78},"4":{"name":"(anonymous_4)","decl":{"start":{"line":80,"column":36},"end":{"line":80,"column":37}},"loc":{"start":{"line":80,"column":47},"end":{"line":82,"column":7}},"line":80},"5":{"name":"(anonymous_5)","decl":{"start":{"line":83,"column":38},"end":{"line":83,"column":39}},"loc":{"start":{"line":83,"column":81},"end":{"line":86,"column":7}},"line":83},"6":{"name":"(anonymous_6)","decl":{"start":{"line":87,"column":37},"end":{"line":87,"column":38}},"loc":{"start":{"line":87,"column":56},"end":{"line":90,"column":7}},"line":87},"7":{"name":"(anonymous_7)","decl":{"start":{"line":91,"column":35},"end":{"line":91,"column":36}},"loc":{"start":{"line":91,"column":76},"end":{"line":93,"column":7}},"line":91},"8":{"name":"(anonymous_8)","decl":{"start":{"line":94,"column":50},"end":{"line":94,"column":51}},"loc":{"start":{"line":94,"column":91},"end":{"line":99,"column":7}},"line":94},"9":{"name":"(anonymous_9)","decl":{"start":{"line":95,"column":45},"end":{"line":95,"column":46}},"loc":{"start":{"line":95,"column":56},"end":{"line":95,"column":86}},"line":95}},"branchMap":{"0":{"loc":{"start":{"line":89,"column":22},"end":{"line":89,"column":50}},"type":"binary-expr","locations":[{"start":{"line":89,"column":22},"end":{"line":89,"column":42}},{"start":{"line":89,"column":46},"end":{"line":89,"column":50}}],"line":89},"1":{"loc":{"start":{"line":96,"column":8},"end":{"line":98,"column":9}},"type":"if","locations":[{"start":{"line":96,"column":8},"end":{"line":98,"column":9}},{"start":{},"end":{}}],"line":96}},"s":{"0":0,"1":0,"2":0,"3":0,"4":0,"5":0,"6":0,"7":0,"8":0,"9":0,"10":0,"11":0,"12":0,"13":0,"14":0,"15":0,"16":0,"17":0,"18":0,"19":0,"20":0,"21":0,"22":0,"23":0},"f":{"0":0,"1":0,"2":0,"3":0,"4":0,"5":0,"6":0,"7":0,"8":0,"9":0},"b":{"0":[0,0],"1":[0,0]}}
}
