TN:
SF:src\components\Auth\Signup\Signup.tsx
FN:9,(anonymous_0)
FN:30,(anonymous_1)
FN:59,(anonymous_2)
FN:77,(anonymous_3)
FNF:4
FNH:0
FNDA:0,(anonymous_0)
FNDA:0,(anonymous_1)
FNDA:0,(anonymous_2)
FNDA:0,(anonymous_3)
DA:9,0
DA:10,0
DA:11,0
DA:21,0
DA:30,0
DA:31,0
DA:32,0
DA:35,0
DA:37,0
DA:38,0
DA:40,0
DA:41,0
DA:43,0
DA:44,0
DA:46,0
DA:47,0
DA:49,0
DA:50,0
DA:52,0
DA:53,0
DA:55,0
DA:59,0
DA:60,0
DA:77,0
DA:78,0
DA:79,0
DA:80,0
DA:81,0
DA:84,0
DA:85,0
DA:93,0
DA:94,0
DA:95,0
DA:96,0
DA:99,0
DA:102,0
DA:106,0
LF:37
LH:0
BRDA:35,0,0,0
BRDA:35,0,1,0
BRDA:35,0,2,0
BRDA:35,0,3,0
BRDA:35,0,4,0
BRDA:35,0,5,0
BRDA:35,0,6,0
BRDA:37,1,0,0
BRDA:37,1,1,0
BRDA:40,2,0,0
BRDA:40,2,1,0
BRDA:43,3,0,0
BRDA:43,3,1,0
BRDA:46,4,0,0
BRDA:46,4,1,0
BRDA:49,5,0,0
BRDA:49,5,1,0
BRDA:52,6,0,0
BRDA:52,6,1,0
BRDA:61,7,0,0
BRDA:61,7,1,0
BRDA:61,7,2,0
BRDA:61,7,3,0
BRDA:61,7,4,0
BRDA:61,7,5,0
BRDA:61,7,6,0
BRDA:61,7,7,0
BRDA:61,7,8,0
BRDA:61,7,9,0
BRDA:61,7,10,0
BRDA:61,7,11,0
BRDA:61,7,12,0
BRDA:79,8,0,0
BRDA:79,8,1,0
BRDA:93,9,0,0
BRDA:93,9,1,0
BRDA:134,10,0,0
BRDA:134,10,1,0
BRDA:146,11,0,0
BRDA:146,11,1,0
BRDA:158,12,0,0
BRDA:158,12,1,0
BRDA:168,13,0,0
BRDA:168,13,1,0
BRDA:180,14,0,0
BRDA:180,14,1,0
BRDA:190,15,0,0
BRDA:190,15,1,0
BRF:48
BRH:0
end_of_record
TN:
SF:src\components\EventCard\EventCard.tsx
FN:11,(anonymous_0)
FN:27,(anonymous_1)
FNF:2
FNH:0
FNDA:0,(anonymous_0)
FNDA:0,(anonymous_1)
DA:11,0
DA:12,0
DA:27,0
LF:3
LH:0
BRDA:32,0,0,0
BRDA:32,0,1,0
BRF:2
BRH:0
end_of_record
TN:
SF:src\components\Navbar\Navabar.tsx
FN:4,(anonymous_0)
FN:8,(anonymous_1)
FNF:2
FNH:0
FNDA:0,(anonymous_0)
FNDA:0,(anonymous_1)
DA:4,0
DA:5,0
DA:6,0
DA:8,0
DA:10,0
DA:14,0
DA:17,0
DA:19,0
LF:8
LH:0
BRDA:17,0,0,0
BRDA:17,0,1,0
BRDA:26,1,0,0
BRDA:26,1,1,0
BRF:4
BRH:0
end_of_record
TN:
SF:src\pages\SignupPage.tsx
FN:9,(anonymous_0)
FN:10,(anonymous_1)
FN:26,(anonymous_2)
FN:40,(anonymous_3)
FN:54,(anonymous_4)
FN:68,(anonymous_5)
FN:82,(anonymous_6)
FN:96,(anonymous_7)
FN:110,(anonymous_8)
FNF:9
FNH:0
FNDA:0,(anonymous_0)
FNDA:0,(anonymous_1)
FNDA:0,(anonymous_2)
FNDA:0,(anonymous_3)
FNDA:0,(anonymous_4)
FNDA:0,(anonymous_5)
FNDA:0,(anonymous_6)
FNDA:0,(anonymous_7)
FNDA:0,(anonymous_8)
DA:9,0
DA:10,0
DA:11,0
DA:17,0
DA:18,0
DA:19,0
DA:20,0
DA:21,0
DA:22,0
DA:23,0
DA:26,0
DA:27,0
DA:33,0
DA:34,0
DA:35,0
DA:37,0
DA:40,0
DA:41,0
DA:47,0
DA:48,0
DA:49,0
DA:51,0
DA:54,0
DA:55,0
DA:61,0
DA:62,0
DA:63,0
DA:65,0
DA:68,0
DA:69,0
DA:75,0
DA:76,0
DA:77,0
DA:79,0
DA:82,0
DA:83,0
DA:89,0
DA:90,0
DA:91,0
DA:93,0
DA:96,0
DA:97,0
DA:103,0
DA:104,0
DA:105,0
DA:107,0
DA:110,0
DA:111,0
DA:117,0
DA:118,0
DA:119,0
DA:120,0
DA:121,0
DA:122,0
DA:123,0
DA:124,0
DA:126,0
DA:127,0
DA:128,0
DA:129,0
DA:130,0
DA:131,0
DA:132,0
DA:134,0
LF:64
LH:0
BRF:0
BRH:0
end_of_record
TN:
SF:src\redux\eventSlice.ts
FN:47,(anonymous_0)
FN:53,(anonymous_1)
FN:62,(anonymous_2)
FN:78,(anonymous_3)
FN:80,(anonymous_4)
FN:83,(anonymous_5)
FN:87,(anonymous_6)
FN:91,(anonymous_7)
FN:94,(anonymous_8)
FN:95,(anonymous_9)
FNF:10
FNH:0
FNDA:0,(anonymous_0)
FNDA:0,(anonymous_1)
FNDA:0,(anonymous_2)
FNDA:0,(anonymous_3)
FNDA:0,(anonymous_4)
FNDA:0,(anonymous_5)
FNDA:0,(anonymous_6)
FNDA:0,(anonymous_7)
FNDA:0,(anonymous_8)
FNDA:0,(anonymous_9)
DA:6,0
DA:47,0
DA:48,0
DA:49,0
DA:53,0
DA:54,0
DA:55,0
DA:56,0
DA:60,0
DA:63,0
DA:64,0
DA:68,0
DA:74,0
DA:79,0
DA:81,0
DA:84,0
DA:85,0
DA:88,0
DA:89,0
DA:92,0
DA:95,0
DA:96,0
DA:97,0
LF:23
LH:0
BRDA:89,0,0,0
BRDA:89,0,1,0
BRDA:96,1,0,0
BRDA:96,1,1,0
BRF:4
BRH:0
end_of_record
